mode: set
github.com/z0rr0/luss/db/db.go:44.30,46.27 2 1
github.com/z0rr0/luss/db/db.go:54.5,54.18 1 1
github.com/z0rr0/luss/db/db.go:47.5,48.20 1 1
github.com/z0rr0/luss/db/db.go:49.5,50.20 1 1
github.com/z0rr0/luss/db/db.go:51.5,52.19 1 1
github.com/z0rr0/luss/db/db.go:58.38,60.31 2 1
github.com/z0rr0/luss/db/db.go:63.5,63.13 1 1
github.com/z0rr0/luss/db/db.go:60.31,62.6 1 1
github.com/z0rr0/luss/db/db.go:67.41,71.2 3 1
github.com/z0rr0/luss/db/db.go:75.28,81.33 5 1
github.com/z0rr0/luss/db/db.go:88.5,88.56 1 1
github.com/z0rr0/luss/db/db.go:81.33,83.32 1 1
github.com/z0rr0/luss/db/db.go:83.32,86.10 2 1
github.com/z0rr0/luss/db/db.go:92.31,94.2 1 1
github.com/z0rr0/luss/db/db.go:98.45,99.9 1 1
github.com/z0rr0/luss/db/db.go:99.9,100.16 1 1
github.com/z0rr0/luss/db/db.go:101.9,102.22 1 1
github.com/z0rr0/luss/db/db.go:110.61,111.22 1 1
github.com/z0rr0/luss/db/db.go:115.5,117.9 2 1
github.com/z0rr0/luss/db/db.go:111.22,114.6 2 1
github.com/z0rr0/luss/db/db.go:117.9,118.37 1 1
github.com/z0rr0/luss/db/db.go:118.37,120.10 1 1
github.com/z0rr0/luss/db/db.go:125.47,128.24 3 1
github.com/z0rr0/luss/db/db.go:136.5,137.15 2 1
github.com/z0rr0/luss/db/db.go:128.24,130.24 2 1
github.com/z0rr0/luss/db/db.go:134.9,134.22 1 1
github.com/z0rr0/luss/db/db.go:130.24,133.10 2 0
github.com/z0rr0/luss/db/db.go:142.39,146.25 3 1
github.com/z0rr0/luss/db/db.go:150.5,150.18 1 1
github.com/z0rr0/luss/db/db.go:146.25,149.6 2 1
github.com/z0rr0/luss/db/db.go:154.26,156.2 1 1
github.com/z0rr0/luss/db/db.go:160.68,162.2 1 0
github.com/z0rr0/luss/db/db.go:165.48,166.16 1 1
github.com/z0rr0/luss/db/db.go:214.5,214.15 1 1
github.com/z0rr0/luss/db/db.go:166.16,169.23 3 0
github.com/z0rr0/luss/db/db.go:172.9,173.16 2 0
github.com/z0rr0/luss/db/db.go:176.9,177.23 2 0
github.com/z0rr0/luss/db/db.go:180.9,184.62 2 0
github.com/z0rr0/luss/db/db.go:193.9,202.10 1 0
github.com/z0rr0/luss/db/db.go:169.23,171.10 1 0
github.com/z0rr0/luss/db/db.go:173.16,175.10 1 0
github.com/z0rr0/luss/db/db.go:177.23,179.10 1 0
github.com/z0rr0/luss/db/db.go:184.62,186.27 2 0
github.com/z0rr0/luss/db/db.go:190.13,191.29 2 0
github.com/z0rr0/luss/db/db.go:186.27,189.14 2 0
github.com/z0rr0/luss/db/db.go:203.6,213.6 1 1
github.com/z0rr0/luss/db/db.go:218.66,219.29 1 1
github.com/z0rr0/luss/db/db.go:225.5,226.19 2 1
github.com/z0rr0/luss/db/db.go:229.5,229.25 1 1
github.com/z0rr0/luss/db/db.go:233.5,233.18 1 1
github.com/z0rr0/luss/db/db.go:237.5,237.24 1 1
github.com/z0rr0/luss/db/db.go:219.29,221.23 2 1
github.com/z0rr0/luss/db/db.go:221.23,223.10 1 0
github.com/z0rr0/luss/db/db.go:226.19,228.6 1 0
github.com/z0rr0/luss/db/db.go:229.25,231.6 1 0
github.com/z0rr0/luss/db/db.go:233.18,236.6 2 0
github.com/z0rr0/luss/db/db.go:242.66,248.40 3 1
github.com/z0rr0/luss/db/db.go:266.5,266.21 1 1
github.com/z0rr0/luss/db/db.go:248.40,250.23 2 1
github.com/z0rr0/luss/db/db.go:257.9,258.23 2 1
github.com/z0rr0/luss/db/db.go:264.9,264.14 1 1
github.com/z0rr0/luss/db/db.go:250.23,253.21 3 0
github.com/z0rr0/luss/db/db.go:258.23,261.21 3 0
